<?xml version="1.0" encoding="UTF-8"?>
<!-- Generated by org.testng.reporters.JUnitReportReporter -->
<testsuite hostname="LAP-TZ-0X82240" failures="0" tests="3" name="TestFiles.EndToEndTest" time="61.349" errors="0" timestamp="2024-11-17T14:32:44 IST" skipped="0">
  <testcase classname="TestFiles.EndToEndTest" name="OrderItemEnd2EndFlow" time="26.538"/>
  <testcase classname="TestFiles.EndToEndTest" name="OrderHistoryTest" time="8.065"/>
  <testcase classname="TestFiles.EndToEndTest" name="OrderItemEnd2EndFlow" time="26.746"/>
</testsuite> <!-- TestFiles.EndToEndTest -->
