<?xml version="1.0" encoding="UTF-8"?>
<!-- Generated by org.testng.reporters.JUnitReportReporter -->
<testsuite hostname="LAP-TZ-0X82240" failures="0" tests="2" name="TestFiles.ErrorValidationsTest" time="28.482" errors="0" timestamp="2024-08-31T09:26:01 IST" skipped="0">
  <testcase classname="TestFiles.ErrorValidationsTest" name="loginErrorValidations" time="3.714"/>
  <testcase classname="TestFiles.ErrorValidationsTest" name="productErrorValidation" time="24.768"/>
</testsuite> <!-- TestFiles.ErrorValidationsTest -->
