<?xml version="1.0" encoding="UTF-8"?>
<!-- Generated by org.testng.reporters.JUnitReportReporter -->
<testsuite hostname="LAP-TZ-0X82240" failures="0" tests="2" name="TestFiles.ErrorValidationsTest" time="29.217" errors="0" timestamp="2024-11-17T17:10:06 IST" skipped="0">
  <testcase classname="TestFiles.ErrorValidationsTest" name="productErrorValidation" time="25.115"/>
  <testcase classname="TestFiles.ErrorValidationsTest" name="loginErrorValidations" time="4.102"/>
</testsuite> <!-- TestFiles.ErrorValidationsTest -->
