<?xml version="1.0" encoding="UTF-8"?>
<!-- Generated by org.testng.reporters.JUnitReportReporter -->
<testsuite hostname="LAP-TZ-0X82240" failures="0" tests="3" name="TestFiles.EndToEndTest" time="61.955" errors="0" timestamp="2024-11-17T17:10:06 IST" skipped="0">
  <testcase classname="TestFiles.EndToEndTest" name="OrderItemEnd2EndFlow" time="27.125"/>
  <testcase classname="TestFiles.EndToEndTest" name="OrderHistoryTest" time="5.667"/>
  <testcase classname="TestFiles.EndToEndTest" name="OrderItemEnd2EndFlow" time="29.163"/>
</testsuite> <!-- TestFiles.EndToEndTest -->
